<?xml version="1.0" encoding="UTF-8"?>
<testng-results skipped="0" failed="0" ignored="0" total="1" passed="1">
  <reporter-output>
  </reporter-output>
  <suite name="Default suite" duration-ms="21589" started-at="2019-05-12T14:05:12Z" finished-at="2019-05-12T14:05:33Z">
    <groups>
    </groups>
    <test name="Default test" duration-ms="21589" started-at="2019-05-12T14:05:12Z" finished-at="2019-05-12T14:05:33Z">
      <class name="com.NowFloats.TestCases.Bug_14">
        <test-method status="PASS" signature="LaunchBrowser()[pri:0, instance:com.NowFloats.TestCases.Bug_14@457e2f02]" name="LaunchBrowser" is-config="true" duration-ms="13077" started-at="2019-05-12T14:05:12Z" finished-at="2019-05-12T14:05:25Z">
          <reporter-output>
          </reporter-output>
        </test-method> <!-- LaunchBrowser -->
        <test-method status="PASS" signature="BuyNowForItems()[pri:0, instance:com.NowFloats.TestCases.Bug_14@457e2f02]" name="BuyNowForItems" duration-ms="7755" started-at="2019-05-12T14:05:25Z" finished-at="2019-05-12T14:05:33Z">
          <reporter-output>
          </reporter-output>
        </test-method> <!-- BuyNowForItems -->
        <test-method status="PASS" signature="CloseBrowser()[pri:0, instance:com.NowFloats.TestCases.Bug_14@457e2f02]" name="CloseBrowser" is-config="true" duration-ms="710" started-at="2019-05-12T14:05:33Z" finished-at="2019-05-12T14:05:33Z">
          <reporter-output>
          </reporter-output>
        </test-method> <!-- CloseBrowser -->
      </class> <!-- com.NowFloats.TestCases.Bug_14 -->
    </test> <!-- Default test -->
  </suite> <!-- Default suite -->
</testng-results>
